<?xml version="1.0" encoding="UTF-8"?>
<!-- Generated by org.testng.reporters.JUnitReportReporter -->
<testsuite hostname="Kishan" failures="0" tests="1" name="packone.ClassThree" time="35.518" errors="0" timestamp="24 Dec 2019 16:14:22 GMT" skipped="0">
  <testcase classname="packone.ClassThree" name="methodThreeA" time="35.518"/>
</testsuite> <!-- packone.ClassThree -->
