<?xml version="1.0" encoding="UTF-8"?>
<!-- Generated by org.testng.reporters.JUnitReportReporter -->
<testsuite hostname="Kishan" failures="0" tests="1" name="packone.ClassOne" time="28.487" errors="0" timestamp="02 Jul 2019 10:42:54 GMT" skipped="0">
  <testcase classname="packone.ClassOne" name="methodOneA" time="28.487"/>
</testsuite> <!-- packone.ClassOne -->
