<?xml version="1.0" encoding="UTF-8"?>
<!-- Generated by org.testng.reporters.JUnitReportReporter -->
<testsuite hostname="Kishan" failures="0" tests="1" name="packone.ClassTwo" time="33.860" errors="0" timestamp="02 Jul 2019 10:42:54 GMT" skipped="0">
  <testcase classname="packone.ClassTwo" name="methodTwoA" time="33.860"/>
</testsuite> <!-- packone.ClassTwo -->
